Arguments: 
  /Users/arausioghenekarodaniel/.nvm/versions/node/v12.16.1/bin/node /Users/arausioghenekarodaniel/.nvm/versions/node/v12.16.1/bin/yarn

PATH: 
  /Users/arausioghenekarodaniel/.jenv/shims:/Users/arausioghenekarodaniel/documents/mongodb/bin:/Users/arausioghenekarodaniel/.jenv/bin:/Users/arausioghenekarodaniel/.nvm/versions/node/v12.16.1/bin:/usr/local/bin:/usr/bin:/bin:/usr/sbin:/sbin:/Library/Apple/usr/bin:/Users/arausioghenekarodaniel/.sdkman/candidates/sbt/current/bin:/Users/arausioghenekarodaniel/.sdkman/candidates/java/current/bin:/Users/arausioghenekarodaniel/.jenv/shims:/Users/arausioghenekarodaniel/documents/mongodb/bin:/Users/arausioghenekarodaniel/.jenv/bin:/Users/arausioghenekarodaniel/.nvm/versions/node/v12.16.1/bin

Yarn version: 
  1.22.4

Node version: 
  12.16.1

Platform: 
  darwin x64

Trace: 
  Error: getaddrinfo ENOTFOUND registry.yarnpkg.com
      at GetAddrInfoReqWrap.onlookup [as oncomplete] (dns.js:64:26)

npm manifest: 
  {
    "name": "ticket",
    "version": "1.0.0",
    "description": "",
    "main": "index.js",
    "scripts": {
      "start": "ts-node-dev --poll src/index.ts",
      "test": "jest --watchAll --no-cache"
    },
    "jest": {
      "preset": "ts-jest",
      "testEnvironment": "node",
      "setupFilesAfterEnv": [
        "./src/test/setup.ts"
      ]
    },
    "keywords": [],
    "author": "",
    "license": "ISC",
    "dependencies": {
      "@dtut/common": "^1.0.10",
      "cookie-session": "^1.4.0",
      "express": "^4.17.1",
      "express-async-errors": "^3.1.1",
      "express-validator": "^6.12.1",
      "jsonwebtoken": "^8.5.1",
      "mongoose": "^6.0.6",
      "supertest": "^6.1.6",
      "ts-node-dev": "^1.1.8",
      "typescript": "^4.4.2"
    },
    "devDependencies": {
      "@types/cookie-session": "^2.0.43",
      "@types/express": "^4.17.13",
      "@types/jest": "^27.0.2",
      "@types/jsonwebtoken": "^8.5.5",
      "@types/supertest": "^2.0.11",
      "jest": "^27.2.1",
      "mongodb-memory-server": "^7.4.1",
      "ts-jest": "^27.0.5"
    }
  }

yarn manifest: 
  No manifest

Lockfile: 
  No lockfile
